#
# A fatal error has been detected by the Java Runtime Environment:
#
#  Internal Error (c1_LIRGenerator.cpp:576), pid=4068, tid=2408
#  Error: ShouldNotReachHere()
#
# JRE version: Java(TM) SE Runtime Environment (7.0_80-b15) (build 1.7.0_80-b15)
# Java VM: Java HotSpot(TM) Client VM (24.80-b11 mixed mode, sharing windows-x86 )
# Failed to write core dump. Minidumps are not enabled by default on client versions of Windows
#
# If you would like to submit a bug report, please visit:
#   http://bugreport.java.com/bugreport/crash.jsp
#

---------------  T H R E A D  ---------------

Current thread (0x01744c00):  JavaThread "C1 CompilerThread0" daemon [_thread_in_native, id=2408, stack(0x03bd0000,0x03c20000)]

Stack: [0x03bd0000,0x03c20000],  sp=0x03c1ee08,  free space=315k
Native frames: (J=compiled Java code, j=interpreted, Vv=VM code, C=native code)
V  [jvm.dll+0x192384]
V  [jvm.dll+0x18ba74]
V  [jvm.dll+0x289a96]
V  [jvm.dll+0x289b00]
V  [jvm.dll+0x1d2507]
V  [jvm.dll+0x1d26a2]
V  [jvm.dll+0x26a9de]
V  [jvm.dll+0x287529]
V  [jvm.dll+0x28f27f]
V  [jvm.dll+0x26a82e]
V  [jvm.dll+0x28977a]
V  [jvm.dll+0x2780a6]
V  [jvm.dll+0x268ecf]
V  [jvm.dll+0x26906e]
V  [jvm.dll+0x26914a]
V  [jvm.dll+0x2692ac]
V  [jvm.dll+0x269546]
V  [jvm.dll+0x5fbe9]
V  [jvm.dll+0x601b5]
V  [jvm.dll+0x163c4c]
V  [jvm.dll+0x1646a7]
V  [jvm.dll+0x1a92f9]
C  [msvcr100.dll+0x5c556]
C  [msvcr100.dll+0x5c600]
C  [kernel32.dll+0x4ee1c]
C  [ntdll.dll+0x6399b]
C  [ntdll.dll+0x6396e]


Current CompileTask:
C1:    724   59   !         sun.awt.image.PNGImageDecoder::produceImage (1916 bytes)


---------------  P R O C E S S  ---------------

Java Threads: ( => current thread )
  0x03f75000 JavaThread "AWT-EventQueue-0" [_thread_in_native, id=3428, stack(0x04c80000,0x04cd0000)]
  0x03f63000 JavaThread "Image Fetcher 0" daemon [_thread_blocked, id=1812, stack(0x04890000,0x048e0000)]
  0x0179f000 JavaThread "AWT-Windows" daemon [_thread_in_native, id=2212, stack(0x042e0000,0x04330000)]
  0x0179ec00 JavaThread "AWT-Shutdown" [_thread_blocked, id=408, stack(0x041d0000,0x04220000)]
  0x0179e400 JavaThread "Java2D Disposer" daemon [_thread_blocked, id=3180, stack(0x04130000,0x04180000)]
  0x01768400 JavaThread "Service Thread" daemon [_thread_blocked, id=1776, stack(0x03ca0000,0x03cf0000)]
=>0x01744c00 JavaThread "C1 CompilerThread0" daemon [_thread_in_native, id=2408, stack(0x03bd0000,0x03c20000)]
  0x01741800 JavaThread "Attach Listener" daemon [_thread_blocked, id=3652, stack(0x03cf0000,0x03d40000)]
  0x0173e400 JavaThread "Signal Dispatcher" daemon [_thread_blocked, id=2848, stack(0x03a10000,0x03a60000)]
  0x016d1800 JavaThread "Finalizer" daemon [_thread_blocked, id=2244, stack(0x03b80000,0x03bd0000)]
  0x016d0400 JavaThread "Reference Handler" daemon [_thread_blocked, id=3344, stack(0x03a80000,0x03ad0000)]
  0x001eb800 JavaThread "main" [_thread_blocked, id=1108, stack(0x00210000,0x00260000)]

Other Threads:
  0x016ce000 VMThread [stack: 0x03ad0000,0x03b20000] [id=1964]
  0x01771000 WatcherThread [stack: 0x03e90000,0x03ee0000] [id=2580]

VM state:not at safepoint (normal execution)

VM Mutex/Monitor currently owned by a thread: None

Heap
 def new generation   total 4864K, used 1431K [0x23800000, 0x23d40000, 0x28ca0000)
  eden space 4352K,  21% used [0x23800000, 0x238e5da0, 0x23c40000)
  from space 512K, 100% used [0x23cc0000, 0x23d40000, 0x23d40000)
  to   space 512K,   0% used [0x23c40000, 0x23c40000, 0x23cc0000)
 tenured generation   total 10880K, used 2430K [0x28ca0000, 0x29740000, 0x33600000)
   the space 10880K,  22% used [0x28ca0000, 0x28eff8f0, 0x28effa00, 0x29740000)
 compacting perm gen  total 12288K, used 957K [0x33600000, 0x34200000, 0x37600000)
   the space 12288K,   7% used [0x33600000, 0x336ef7f0, 0x336ef800, 0x34200000)
    ro space 10240K,  44% used [0x37600000, 0x37a7d3a8, 0x37a7d400, 0x38000000)
    rw space 12288K,  52% used [0x38000000, 0x38649a18, 0x38649c00, 0x38c00000)

Card table byte_map: [0x038b0000,0x03960000] byte_map_base: 0x03794000

Polling page: 0x001a0000

Code Cache  [0x018b0000, 0x01968000, 0x038b0000)
 total_blobs=277 nmethods=58 adapters=156 free_code_cache=32056Kb largest_free_block=32825344

Compilation events (10 events):
Event: 0.421 Thread 0x01744c00 nmethod 54 0x0195f288 code [0x0195f3c0, 0x0195f600]
Event: 0.421 Thread 0x01744c00   55             java.util.Arrays::copyOfRange (63 bytes)
Event: 0.422 Thread 0x01744c00 nmethod 55 0x0195f7c8 code [0x0195f920, 0x0195fcb8]
Event: 0.440 Thread 0x01744c00   56  s          sun.java2d.loops.GraphicsPrimitive::makeUniqueID (26 bytes)
Event: 0.441 Thread 0x01744c00 nmethod 56 0x0195ff48 code [0x01960040, 0x01960220]
Event: 0.441 Thread 0x01744c00   57             sun.java2d.loops.CompositeType::getUniqueID (5 bytes)
Event: 0.441 Thread 0x01744c00 nmethod 57 0x01960308 code [0x01960400, 0x01960480]
Event: 0.472 Thread 0x01744c00   58  s          sun.java2d.loops.GraphicsPrimitiveMgr::locatePrim (96 bytes)
Event: 0.473 Thread 0x01744c00 nmethod 58 0x01960608 code [0x01960740, 0x01960bfc]
Event: 0.486 Thread 0x01744c00   59   !         sun.awt.image.PNGImageDecoder::produceImage (1916 bytes)

GC Heap History (0 events):
No events

Deoptimization events (0 events):
No events

Internal exceptions (10 events):
Event: 0.209 Thread 0x001eb800 Threw 0x23859970 at C:\re\jdk7u80\2329\hotspot\src\share\vm\prims\jvm.cpp:1319
Event: 0.209 Thread 0x001eb800 Threw 0x23859a88 at C:\re\jdk7u80\2329\hotspot\src\share\vm\prims\jvm.cpp:1319
Event: 0.213 Thread 0x001eb800 Threw 0x2385eeb8 at C:\re\jdk7u80\2329\hotspot\src\share\vm\prims\jvm.cpp:1319
Event: 0.213 Thread 0x001eb800 Threw 0x2385efd0 at C:\re\jdk7u80\2329\hotspot\src\share\vm\prims\jvm.cpp:1319
Event: 0.218 Thread 0x001eb800 Threw 0x23860568 at C:\re\jdk7u80\2329\hotspot\src\share\vm\prims\jni.cpp:717
Event: 0.249 Thread 0x001eb800 Threw 0x238727c8 at C:\re\jdk7u80\2329\hotspot\src\share\vm\prims\jni.cpp:717
Event: 0.292 Thread 0x001eb800 Threw 0x238adf70 at C:\re\jdk7u80\2329\hotspot\src\share\vm\prims\jvm.cpp:1319
Event: 0.293 Thread 0x001eb800 Threw 0x238aeeb0 at C:\re\jdk7u80\2329\hotspot\src\share\vm\prims\jvm.cpp:1319
Event: 0.295 Thread 0x001eb800 Threw 0x238b29f0 at C:\re\jdk7u80\2329\hotspot\src\share\vm\prims\jvm.cpp:1319
Event: 0.295 Thread 0x001eb800 Threw 0x238b3930 at C:\re\jdk7u80\2329\hotspot\src\share\vm\prims\jvm.cpp:1319

Events (10 events):
Event: 0.494 loading class 0x38d47320
Event: 0.494 loading class 0x38d47320 done
Event: 0.494 loading class 0x38cc28f8
Event: 0.495 loading class 0x38cc28f8 done
Event: 0.495 loading class 0x03ef2050
Event: 0.495 loading class 0x38c6f220
Event: 0.495 loading class 0x38c6f220 done
Event: 0.495 loading class 0x03ef2050 done
Event: 0.497 loading class 0x38c44410
Event: 0.497 loading class 0x38c44410 done


Dynamic libraries:
0x01170000 - 0x0119f000 	C:\Program Files\Java\jdk1.7.0_80\bin\java.exe
0x777e0000 - 0x77921000 	C:\Windows\SYSTEM32\ntdll.dll
0x75d50000 - 0x75e24000 	C:\Windows\system32\kernel32.dll
0x75880000 - 0x758cb000 	C:\Windows\system32\KERNELBASE.dll
0x76150000 - 0x761f0000 	C:\Windows\system32\ADVAPI32.dll
0x77470000 - 0x7751c000 	C:\Windows\system32\msvcrt.dll
0x75e30000 - 0x75e49000 	C:\Windows\SYSTEM32\sechost.dll
0x75f50000 - 0x75ff2000 	C:\Windows\system32\RPCRT4.dll
0x76080000 - 0x76149000 	C:\Windows\system32\USER32.dll
0x770e0000 - 0x7712e000 	C:\Windows\system32\GDI32.dll
0x75f20000 - 0x75f2a000 	C:\Windows\system32\LPK.dll
0x76e40000 - 0x76edd000 	C:\Windows\system32\USP10.dll
0x74720000 - 0x748be000 	C:\Windows\WinSxS\x86_microsoft.windows.common-controls_6595b64144ccf1df_6.0.7601.18807_none_41e554362bd82458\COMCTL32.dll
0x75b10000 - 0x75b67000 	C:\Windows\system32\SHLWAPI.dll
0x77580000 - 0x7759f000 	C:\Windows\system32\IMM32.DLL
0x77930000 - 0x779fc000 	C:\Windows\system32\MSCTF.dll
0x686c0000 - 0x6877f000 	C:\Program Files\Java\jdk1.7.0_80\jre\bin\msvcr100.dll
0x66bd0000 - 0x66f5b000 	C:\Program Files\Java\jdk1.7.0_80\jre\bin\client\jvm.dll
0x73990000 - 0x73997000 	C:\Windows\system32\WSOCK32.dll
0x75e50000 - 0x75e85000 	C:\Windows\system32\WS2_32.dll
0x77520000 - 0x77526000 	C:\Windows\system32\NSI.dll
0x70ae0000 - 0x70b12000 	C:\Windows\system32\WINMM.dll
0x75f30000 - 0x75f35000 	C:\Windows\system32\PSAPI.DLL
0x741b0000 - 0x741bc000 	C:\Program Files\Java\jdk1.7.0_80\jre\bin\verify.dll
0x6c5d0000 - 0x6c5f1000 	C:\Program Files\Java\jdk1.7.0_80\jre\bin\java.dll
0x6fde0000 - 0x6fdf3000 	C:\Program Files\Java\jdk1.7.0_80\jre\bin\zip.dll
0x65c80000 - 0x65dc3000 	C:\Program Files\Java\jdk1.7.0_80\jre\bin\awt.dll
0x75e90000 - 0x75f1f000 	C:\Windows\system32\OLEAUT32.dll
0x771c0000 - 0x7731c000 	C:\Windows\system32\ole32.dll
0x74300000 - 0x74313000 	C:\Windows\system32\DWMAPI.DLL
0x745a0000 - 0x745e0000 	C:\Windows\system32\uxtheme.dll
0x75700000 - 0x7570c000 	C:\Windows\system32\CRYPTBASE.dll
0x761f0000 - 0x76e3b000 	C:\Windows\system32\SHELL32.dll
0x6bf60000 - 0x6bf74000 	C:\Program Files\Java\jdk1.7.0_80\jre\bin\net.dll
0x751b0000 - 0x751ec000 	C:\Windows\system32\mswsock.dll
0x751a0000 - 0x751a6000 	C:\Windows\System32\wship6.dll
0x741a0000 - 0x741af000 	C:\Program Files\Java\jdk1.7.0_80\jre\bin\nio.dll
0x68cb0000 - 0x68ce9000 	C:\Program Files\Java\jdk1.7.0_80\jre\bin\fontmanager.dll
0x68a60000 - 0x68b4b000 	C:\Windows\system32\dbghelp.dll
0x68c80000 - 0x68cb0000 	C:\Program Files\Java\jdk1.7.0_80\jre\bin\t2k.dll
0x68c50000 - 0x68c74000 	C:\Program Files\Java\jdk1.7.0_80\jre\bin\dcpr.dll

VM Arguments:
jvm_args: -Dfile.encoding=UTF-8 
java_command: flightsystem.Main
Launcher Type: SUN_STANDARD

Environment Variables:
PATH=C:\Windows\system32;C:\Windows;C:\Windows\System32\Wbem;C:\Windows\System32\WindowsPowerShell\v1.0\
USERNAME=Mama
OS=Windows_NT
PROCESSOR_IDENTIFIER=x86 Family 6 Model 15 Stepping 13, GenuineIntel



---------------  S Y S T E M  ---------------

OS: Windows 7 Build 7601 Service Pack 1

CPU:total 2 (2 cores per cpu, 1 threads per core) family 6 model 15 stepping 13, cmov, cx8, fxsr, mmx, sse, sse2, sse3, ssse3, tsc

Memory: 4k page, physical 1038528k(66568k free), swap 2087104k(468448k free)

vm_info: Java HotSpot(TM) Client VM (24.80-b11) for windows-x86 JRE (1.7.0_80-b15), built on Apr 10 2015 13:33:35 by "java_re" with unknown MS VC++:1600

time: Mon Jun 22 15:56:09 2015
elapsed time: 0 seconds

